<!DOCTYPE HTML PUBLIC "-//W3C//DTD HTML 4.01 Transitional//EN" "http://www.w3.org/TR/html4/loose.dtd">
<html>
<head>
<title>GUI_Automation Log</title>
<style type="text/css">
<!--
body, table {font-family: arial,sans-serif; font-size: x-small;}
th {background: #336699; color: #FFFFFF; text-align: left;}
-->
</style>
</head>
<body bgcolor="#FFFFFF" topmargin="6" leftmargin="6">
<hr size="1" noshade>
Log session start time Wed Jan 09 13:20:56 IST 2019<br>
<br>
<table cellspacing="0" cellpadding="4" border="1" bordercolor="#224466" width="100%">
<tr>
<th>Time</th>
<th>Thread</th>
<th>Level</th>
<th>Category</th>
<th>File:Line</th>
<th>Message</th>
</tr>

<tr>
<td>0</td>
<td title="main thread">main</td>
<td title="Level">INFO</td>
<td title="TestCaseDataReader category">TestCaseDataReader</td>
<td>TestCaseDataReader.java:72</td>
<td title="Message">Going to read data from LoginTestCase - testcaseStep.xlsx fle</td>
</tr>

<tr>
<td>920</td>
<td title="main thread">main</td>
<td title="Level">INFO</td>
<td title="ActionsMethods category">ActionsMethods</td>
<td>ActionsMethods.java:42</td>
<td title="Message">browser name : chrome</td>
</tr>

<tr>
<td>6924</td>
<td title="main thread">main</td>
<td title="Level">INFO</td>
<td title="Driver category">Driver</td>
<td>DriverClass.java:54</td>
<td title="Message">chrome driver initialized</td>
</tr>

<tr>
<td>6924</td>
<td title="main thread">main</td>
<td title="Level">INFO</td>
<td title="ActionsMethods category">ActionsMethods</td>
<td>ActionsMethods.java:46</td>
<td title="Message">driver : ChromeDriver: chrome on XP (f4d5dfdce1d64ed57bce537d1ce3c032)</td>
</tr>

<tr>
<td>6924</td>
<td title="main thread">main</td>
<td title="Level">INFO</td>
<td title="TestCaseDataReader category">TestCaseDataReader</td>
<td>TestCaseDataReader.java:80</td>
<td title="Message">Size of row : 54</td>
</tr>

<tr>
<td>6940</td>
<td title="main thread">main</td>
<td title="Level">INFO</td>
<td title="TestCaseDataReader category">TestCaseDataReader</td>
<td>TestCaseDataReader.java:86</td>
<td title="Message">Actions need to perform : browse</td>
</tr>

<tr>
<td>6940</td>
<td title="main thread">main</td>
<td title="Level">INFO</td>
<td title="ActionsMethods category">ActionsMethods</td>
<td>ActionsMethods.java:62</td>
<td title="Message">https://10.10.30.54/ProductUI/#/login going to open</td>
</tr>

<tr>
<td>30042</td>
<td title="main thread">main</td>
<td title="Level">INFO</td>
<td title="ActionsMethods category">ActionsMethods</td>
<td>ActionsMethods.java:370</td>
<td title="Message">Screen Capture reports\09_01_2019_01_20\images\LoginTestCase/Demo_001.png</td>
</tr>

<tr>
<td>30058</td>
<td title="main thread">main</td>
<td title="Level">INFO</td>
<td title="TestCaseDataReader category">TestCaseDataReader</td>
<td>TestCaseDataReader.java:86</td>
<td title="Message">Actions need to perform : sendkeys</td>
</tr>

<tr>
<td>151855</td>
<td title="main thread">main</td>
<td title="Level">INFO</td>
<td title="ActionsMethods category">ActionsMethods</td>
<td>ActionsMethods.java:370</td>
<td title="Message">Screen Capture reports\09_01_2019_01_20\images\LoginTestCase/Demo_002.png</td>
</tr>

<tr>
<td>151855</td>
<td title="main thread">main</td>
<td title="Level"><font color="#993300"><strong>ERROR</strong></font></td>
<td title="ActionsMethods category">ActionsMethods</td>
<td>ActionsMethods.java:261</td>
<td title="Message">Error : </td>
</tr>
<tr><td bgcolor="#993300" style="color:White; font-size : xx-small;" colspan="6">org.openqa.selenium.TimeoutException: Timed out after 120 seconds waiting for element to be clickable: By.name: name
<br>&nbsp;&nbsp;&nbsp;&nbsp;Build info: version: '2.53.0', revision: '35ae25b', time: '2016-03-15 17:01:03'
<br>&nbsp;&nbsp;&nbsp;&nbsp;System info: host: 'DESKTOP-IL6B35H', ip: '172.24.1.109', os.name: 'Windows 10', os.arch: 'amd64', os.version: '10.0', java.version: '11.0.1'
<br>&nbsp;&nbsp;&nbsp;&nbsp;Driver info: org.openqa.selenium.chrome.ChromeDriver
<br>&nbsp;&nbsp;&nbsp;&nbsp;Capabilities [{mobileEmulationEnabled=false, timeouts={implicit=0, pageLoad=300000, script=30000}, hasTouchScreen=false, platform=XP, acceptSslCerts=false, goog:chromeOptions={debuggerAddress=localhost:63706}, acceptInsecureCerts=false, webStorageEnabled=true, browserName=chrome, takesScreenshot=true, javascriptEnabled=true, setWindowRect=true, unexpectedAlertBehaviour=ignore, applicationCacheEnabled=false, rotatable=false, networkConnectionEnabled=false, chrome={chromedriverVersion=2.45.615291 (ec3682e3c9061c10f26ea9e5cdcf3c53f3f74387), userDataDir=C:\Users\KIRAN~1.KUM\AppData\Local\Temp\scoped_dir14824_24780}, takesHeapSnapshot=true, pageLoadStrategy=normal, strictFileInteractability=false, databaseEnabled=false, handlesAlerts=true, version=71.0.3578.98, browserConnectionEnabled=false, proxy={}, nativeEvents=true, locationContextEnabled=true, cssSelectorsEnabled=true}]
<br>&nbsp;&nbsp;&nbsp;&nbsp;Session ID: f4d5dfdce1d64ed57bce537d1ce3c032
<br>&nbsp;&nbsp;&nbsp;&nbsp;	at org.openqa.selenium.support.ui.WebDriverWait.timeoutException(WebDriverWait.java:80)
<br>&nbsp;&nbsp;&nbsp;&nbsp;	at org.openqa.selenium.support.ui.FluentWait.until(FluentWait.java:261)
<br>&nbsp;&nbsp;&nbsp;&nbsp;	at com.automation.genrics.ActionsMethods.sendKeys(ActionsMethods.java:178)
<br>&nbsp;&nbsp;&nbsp;&nbsp;	at com.automation.TestCaseRunner.TestCaseDataReader.testCaseDataRead(TestCaseDataReader.java:141)
<br>&nbsp;&nbsp;&nbsp;&nbsp;	at com.automation.TestCaseRunner.TestCaseDriveClass.testcaseRunner(TestCaseDriveClass.java:32)
<br>&nbsp;&nbsp;&nbsp;&nbsp;	at com.automation.Utilities.SuiteDriveClass.suiteRunner(SuiteDriveClass.java:30)
<br>&nbsp;&nbsp;&nbsp;&nbsp;	at com.automation.TestSuiteRunner.SuiteRunner.suiteRunner(SuiteRunner.java:59)
<br>&nbsp;&nbsp;&nbsp;&nbsp;	at java.base/jdk.internal.reflect.NativeMethodAccessorImpl.invoke0(Native Method)
<br>&nbsp;&nbsp;&nbsp;&nbsp;	at java.base/jdk.internal.reflect.NativeMethodAccessorImpl.invoke(NativeMethodAccessorImpl.java:62)
<br>&nbsp;&nbsp;&nbsp;&nbsp;	at java.base/jdk.internal.reflect.DelegatingMethodAccessorImpl.invoke(DelegatingMethodAccessorImpl.java:43)
<br>&nbsp;&nbsp;&nbsp;&nbsp;	at java.base/java.lang.reflect.Method.invoke(Method.java:566)
<br>&nbsp;&nbsp;&nbsp;&nbsp;	at org.testng.internal.MethodInvocationHelper.invokeMethod(MethodInvocationHelper.java:86)
<br>&nbsp;&nbsp;&nbsp;&nbsp;	at org.testng.internal.Invoker.invokeMethod(Invoker.java:643)
<br>&nbsp;&nbsp;&nbsp;&nbsp;	at org.testng.internal.Invoker.invokeTestMethod(Invoker.java:820)
<br>&nbsp;&nbsp;&nbsp;&nbsp;	at org.testng.internal.Invoker.invokeTestMethods(Invoker.java:1128)
<br>&nbsp;&nbsp;&nbsp;&nbsp;	at org.testng.internal.TestMethodWorker.invokeTestMethods(TestMethodWorker.java:129)
<br>&nbsp;&nbsp;&nbsp;&nbsp;	at org.testng.internal.TestMethodWorker.run(TestMethodWorker.java:112)
<br>&nbsp;&nbsp;&nbsp;&nbsp;	at org.testng.TestRunner.privateRun(TestRunner.java:782)
<br>&nbsp;&nbsp;&nbsp;&nbsp;	at org.testng.TestRunner.run(TestRunner.java:632)
<br>&nbsp;&nbsp;&nbsp;&nbsp;	at org.testng.SuiteRunner.runTest(SuiteRunner.java:366)
<br>&nbsp;&nbsp;&nbsp;&nbsp;	at org.testng.SuiteRunner.runSequentially(SuiteRunner.java:361)
<br>&nbsp;&nbsp;&nbsp;&nbsp;	at org.testng.SuiteRunner.privateRun(SuiteRunner.java:319)
<br>&nbsp;&nbsp;&nbsp;&nbsp;	at org.testng.SuiteRunner.run(SuiteRunner.java:268)
<br>&nbsp;&nbsp;&nbsp;&nbsp;	at org.testng.SuiteRunnerWorker.runSuite(SuiteRunnerWorker.java:52)
<br>&nbsp;&nbsp;&nbsp;&nbsp;	at org.testng.SuiteRunnerWorker.run(SuiteRunnerWorker.java:86)
<br>&nbsp;&nbsp;&nbsp;&nbsp;	at org.testng.TestNG.runSuitesSequentially(TestNG.java:1244)
<br>&nbsp;&nbsp;&nbsp;&nbsp;	at org.testng.TestNG.runSuitesLocally(TestNG.java:1169)
<br>&nbsp;&nbsp;&nbsp;&nbsp;	at org.testng.TestNG.run(TestNG.java:1064)
<br>&nbsp;&nbsp;&nbsp;&nbsp;	at org.testng.TestNG.privateMain(TestNG.java:1385)
<br>&nbsp;&nbsp;&nbsp;&nbsp;	at org.testng.TestNG.main(TestNG.java:1354)
<br>&nbsp;&nbsp;&nbsp;&nbsp;Caused by: org.openqa.selenium.NoSuchElementException: no such element: Unable to locate element: {&quot;method&quot;:&quot;name&quot;,&quot;selector&quot;:&quot;name&quot;}
<br>&nbsp;&nbsp;&nbsp;&nbsp;  (Session info: chrome=71.0.3578.98)
<br>&nbsp;&nbsp;&nbsp;&nbsp;  (Driver info: chromedriver=2.45.615291 (ec3682e3c9061c10f26ea9e5cdcf3c53f3f74387),platform=Windows NT 10.0.17134 x86_64) (WARNING: The server did not provide any stacktrace information)
<br>&nbsp;&nbsp;&nbsp;&nbsp;Command duration or timeout: 60.04 seconds
<br>&nbsp;&nbsp;&nbsp;&nbsp;For documentation on this error, please visit: http://seleniumhq.org/exceptions/no_such_element.html
<br>&nbsp;&nbsp;&nbsp;&nbsp;Build info: version: '2.53.0', revision: '35ae25b', time: '2016-03-15 17:01:03'
<br>&nbsp;&nbsp;&nbsp;&nbsp;System info: host: 'DESKTOP-IL6B35H', ip: '172.24.1.109', os.name: 'Windows 10', os.arch: 'amd64', os.version: '10.0', java.version: '11.0.1'
<br>&nbsp;&nbsp;&nbsp;&nbsp;Driver info: org.openqa.selenium.chrome.ChromeDriver
<br>&nbsp;&nbsp;&nbsp;&nbsp;Capabilities [{mobileEmulationEnabled=false, timeouts={implicit=0, pageLoad=300000, script=30000}, hasTouchScreen=false, platform=XP, acceptSslCerts=false, goog:chromeOptions={debuggerAddress=localhost:63706}, acceptInsecureCerts=false, webStorageEnabled=true, browserName=chrome, takesScreenshot=true, javascriptEnabled=true, setWindowRect=true, unexpectedAlertBehaviour=ignore, applicationCacheEnabled=false, rotatable=false, networkConnectionEnabled=false, chrome={chromedriverVersion=2.45.615291 (ec3682e3c9061c10f26ea9e5cdcf3c53f3f74387), userDataDir=C:\Users\KIRAN~1.KUM\AppData\Local\Temp\scoped_dir14824_24780}, takesHeapSnapshot=true, pageLoadStrategy=normal, strictFileInteractability=false, databaseEnabled=false, handlesAlerts=true, version=71.0.3578.98, browserConnectionEnabled=false, proxy={}, nativeEvents=true, locationContextEnabled=true, cssSelectorsEnabled=true}]
<br>&nbsp;&nbsp;&nbsp;&nbsp;Session ID: f4d5dfdce1d64ed57bce537d1ce3c032
<br>&nbsp;&nbsp;&nbsp;&nbsp;*** Element info: {Using=name, value=name}
<br>&nbsp;&nbsp;&nbsp;&nbsp;	at java.base/jdk.internal.reflect.NativeConstructorAccessorImpl.newInstance0(Native Method)
<br>&nbsp;&nbsp;&nbsp;&nbsp;	at java.base/jdk.internal.reflect.NativeConstructorAccessorImpl.newInstance(NativeConstructorAccessorImpl.java:62)
<br>&nbsp;&nbsp;&nbsp;&nbsp;	at java.base/jdk.internal.reflect.DelegatingConstructorAccessorImpl.newInstance(DelegatingConstructorAccessorImpl.java:45)
<br>&nbsp;&nbsp;&nbsp;&nbsp;	at java.base/java.lang.reflect.Constructor.newInstance(Constructor.java:490)
<br>&nbsp;&nbsp;&nbsp;&nbsp;	at org.openqa.selenium.remote.ErrorHandler.createThrowable(ErrorHandler.java:206)
<br>&nbsp;&nbsp;&nbsp;&nbsp;	at org.openqa.selenium.remote.ErrorHandler.throwIfResponseFailed(ErrorHandler.java:158)
<br>&nbsp;&nbsp;&nbsp;&nbsp;	at org.openqa.selenium.remote.RemoteWebDriver.execute(RemoteWebDriver.java:678)
<br>&nbsp;&nbsp;&nbsp;&nbsp;	at org.openqa.selenium.remote.RemoteWebDriver.findElement(RemoteWebDriver.java:363)
<br>&nbsp;&nbsp;&nbsp;&nbsp;	at org.openqa.selenium.remote.RemoteWebDriver.findElementByName(RemoteWebDriver.java:461)
<br>&nbsp;&nbsp;&nbsp;&nbsp;	at org.openqa.selenium.By$ByName.findElement(By.java:303)
<br>&nbsp;&nbsp;&nbsp;&nbsp;	at org.openqa.selenium.remote.RemoteWebDriver.findElement(RemoteWebDriver.java:355)
<br>&nbsp;&nbsp;&nbsp;&nbsp;	at org.openqa.selenium.support.ui.ExpectedConditions.findElement(ExpectedConditions.java:899)
<br>&nbsp;&nbsp;&nbsp;&nbsp;	at org.openqa.selenium.support.ui.ExpectedConditions.access$0(ExpectedConditions.java:897)
<br>&nbsp;&nbsp;&nbsp;&nbsp;	at org.openqa.selenium.support.ui.ExpectedConditions$7.apply(ExpectedConditions.java:205)
<br>&nbsp;&nbsp;&nbsp;&nbsp;	at org.openqa.selenium.support.ui.ExpectedConditions$7.apply(ExpectedConditions.java:1)
<br>&nbsp;&nbsp;&nbsp;&nbsp;	at org.openqa.selenium.support.ui.ExpectedConditions$22.apply(ExpectedConditions.java:653)
<br>&nbsp;&nbsp;&nbsp;&nbsp;	at org.openqa.selenium.support.ui.ExpectedConditions$22.apply(ExpectedConditions.java:1)
<br>&nbsp;&nbsp;&nbsp;&nbsp;	at org.openqa.selenium.support.ui.FluentWait.until(FluentWait.java:238)
<br>&nbsp;&nbsp;&nbsp;&nbsp;	... 28 more
</td></tr>

<tr>
<td>151944</td>
<td title="main thread">main</td>
<td title="Level">INFO</td>
<td title="TestCaseDataReader category">TestCaseDataReader</td>
<td>TestCaseDataReader.java:86</td>
<td title="Message">Actions need to perform : sendkeys</td>
</tr>
