2019-01-08 19:57:14,273 [main] INFO TestCaseDataReader - Going to read data from LoginTestCase - testcaseStep.xlsx fle
2019-01-08 19:57:15,673 [main] INFO ActionsMethods - browser name : chrome
2019-01-08 19:57:31,656 [main] INFO Driver - chrome driver initialized
2019-01-08 19:57:31,658 [main] INFO ActionsMethods - driver : ChromeDriver: chrome on XP (a3f86c57945c646c7f7d84c6d9b9502e)
2019-01-08 19:57:31,662 [main] INFO TestCaseDataReader - Size of row : 21
2019-01-08 19:57:31,669 [main] INFO TestCaseDataReader - Actions need to perform : browse
2019-01-08 19:57:31,671 [main] INFO ActionsMethods - https://10.10.30.47:4433 going to open
2019-01-08 19:57:44,072 [main] INFO ActionsMethods - Screen Capture reports\08_01_2019_07_57\images\LoginTestCase/Demo_001.png
2019-01-08 19:57:44,099 [main] INFO TestCaseDataReader - Actions need to perform : sendkeys
2019-01-08 19:57:45,182 [main] INFO ActionsMethods - sucessfully SendKeys on name with value sushils
2019-01-08 19:57:45,900 [main] INFO ActionsMethods - Screen Capture reports\08_01_2019_07_57\images\LoginTestCase/Demo_002.png
2019-01-08 19:57:45,902 [main] INFO TestCaseDataReader - Actions need to perform : sendkeys
2019-01-08 19:57:46,120 [main] INFO ActionsMethods - sucessfully SendKeys on password with value sushils1
2019-01-08 19:57:46,831 [main] INFO ActionsMethods - Screen Capture reports\08_01_2019_07_57\images\LoginTestCase/Demo_003.png
2019-01-08 19:57:46,832 [main] INFO TestCaseDataReader - Actions need to perform : click
2019-01-08 19:57:47,558 [main] INFO ActionsMethods - sucessfully click on ById with value login-button
2019-01-08 19:57:52,267 [main] INFO ActionsMethods - Screen Capture reports\08_01_2019_07_57\images\LoginTestCase/Demo_004.png
2019-01-08 19:57:52,277 [main] INFO TestCaseDataReader - Actions need to perform : closebrowser
2019-01-08 19:57:52,278 [main] INFO ActionsMethods - ChromeDriver: chrome on XP (a3f86c57945c646c7f7d84c6d9b9502e) going to close browser
2019-01-08 19:57:55,065 [main] INFO TestCaseDataReader - Actions need to perform : 
2019-01-08 19:57:55,065 [main] ERROR TestCaseDataReader - Keywords should not be blank
2019-01-08 19:57:55,065 [main] INFO ActionsMethods - ChromeDriver: chrome on XP (a3f86c57945c646c7f7d84c6d9b9502e) going to quit browser
2019-01-09 12:47:05,389 [main] INFO TestCaseDataReader - Going to read data from LoginTestCase - testcaseStep.xlsx fle
2019-01-09 12:47:07,249 [main] INFO ActionsMethods - browser name : chrome
2019-01-09 12:47:35,490 [main] INFO Driver - chrome driver initialized
2019-01-09 12:47:35,490 [main] INFO ActionsMethods - driver : ChromeDriver: chrome on XP (e6767952023906ecdf8b06a259f0fe14)
2019-01-09 12:47:35,490 [main] INFO TestCaseDataReader - Size of row : 21
2019-01-09 12:47:35,506 [main] INFO TestCaseDataReader - Actions need to perform : browse
2019-01-09 12:47:35,506 [main] INFO ActionsMethods - https://10.10.30.47:4433 going to open
2019-01-09 12:47:58,143 [main] INFO ActionsMethods - Screen Capture reports\09_01_2019_12_47\images\LoginTestCase/Demo_001.png
2019-01-09 12:47:58,163 [main] INFO TestCaseDataReader - Actions need to perform : sendkeys
2019-01-09 12:47:58,915 [main] INFO ActionsMethods - sucessfully SendKeys on name with value sushils
2019-01-09 12:47:59,673 [main] INFO ActionsMethods - Screen Capture reports\09_01_2019_12_47\images\LoginTestCase/Demo_002.png
2019-01-09 12:47:59,673 [main] INFO TestCaseDataReader - Actions need to perform : sendkeys
2019-01-09 12:47:59,857 [main] INFO ActionsMethods - sucessfully SendKeys on password with value sushils1
2019-01-09 12:48:00,562 [main] INFO ActionsMethods - Screen Capture reports\09_01_2019_12_47\images\LoginTestCase/Demo_003.png
2019-01-09 12:48:00,562 [main] INFO TestCaseDataReader - Actions need to perform : click
2019-01-09 12:48:00,860 [main] INFO ActionsMethods - sucessfully click on ById with value login-button
2019-01-09 12:48:01,571 [main] INFO ActionsMethods - Screen Capture reports\09_01_2019_12_47\images\LoginTestCase/Demo_004.png
2019-01-09 12:48:01,579 [main] INFO TestCaseDataReader - Actions need to perform : closebrowser
2019-01-09 12:48:01,579 [main] INFO ActionsMethods - ChromeDriver: chrome on XP (e6767952023906ecdf8b06a259f0fe14) going to close browser
2019-01-09 12:48:02,862 [main] INFO TestCaseDataReader - Actions need to perform : 
2019-01-09 12:48:02,862 [main] ERROR TestCaseDataReader - Keywords should not be blank
2019-01-09 12:48:02,862 [main] INFO ActionsMethods - ChromeDriver: chrome on XP (e6767952023906ecdf8b06a259f0fe14) going to quit browser
2019-01-09 13:17:40,094 [main] INFO TestCaseDataReader - Going to read data from LoginTestCase - testcaseStep.xlsx fle
2019-01-09 13:17:41,155 [main] INFO ActionsMethods - browser name : chrome
2019-01-09 13:17:48,099 [main] INFO Driver - chrome driver initialized
2019-01-09 13:17:48,103 [main] INFO ActionsMethods - driver : ChromeDriver: chrome on XP (ac50da92bd2d2a00048c096e73eb1d9e)
2019-01-09 13:17:48,107 [main] INFO TestCaseDataReader - Size of row : 54
2019-01-09 13:17:48,107 [main] INFO TestCaseDataReader - Actions need to perform : browse
2019-01-09 13:17:48,107 [main] INFO ActionsMethods - https://10.10.30.54/ProductUI/#/login going to open
2019-01-09 13:18:10,068 [main] INFO ActionsMethods - Screen Capture reports\09_01_2019_01_17\images\LoginTestCase/Demo_001.png
2019-01-09 13:18:10,084 [main] INFO TestCaseDataReader - Actions need to perform : sendkeys
2019-01-09 13:20:56,817 [main] INFO TestCaseDataReader - Going to read data from LoginTestCase - testcaseStep.xlsx fle
2019-01-09 13:20:57,737 [main] INFO ActionsMethods - browser name : chrome
2019-01-09 13:21:03,741 [main] INFO Driver - chrome driver initialized
2019-01-09 13:21:03,741 [main] INFO ActionsMethods - driver : ChromeDriver: chrome on XP (f4d5dfdce1d64ed57bce537d1ce3c032)
2019-01-09 13:21:03,741 [main] INFO TestCaseDataReader - Size of row : 54
2019-01-09 13:21:03,757 [main] INFO TestCaseDataReader - Actions need to perform : browse
2019-01-09 13:21:03,757 [main] INFO ActionsMethods - https://10.10.30.54/ProductUI/#/login going to open
2019-01-09 13:21:26,859 [main] INFO ActionsMethods - Screen Capture reports\09_01_2019_01_20\images\LoginTestCase/Demo_001.png
2019-01-09 13:21:26,875 [main] INFO TestCaseDataReader - Actions need to perform : sendkeys
2019-01-09 13:23:28,672 [main] INFO ActionsMethods - Screen Capture reports\09_01_2019_01_20\images\LoginTestCase/Demo_002.png
2019-01-09 13:23:28,672 [main] ERROR ActionsMethods - Error : 
org.openqa.selenium.TimeoutException: Timed out after 120 seconds waiting for element to be clickable: By.name: name
Build info: version: '2.53.0', revision: '35ae25b', time: '2016-03-15 17:01:03'
System info: host: 'DESKTOP-IL6B35H', ip: '172.24.1.109', os.name: 'Windows 10', os.arch: 'amd64', os.version: '10.0', java.version: '11.0.1'
Driver info: org.openqa.selenium.chrome.ChromeDriver
Capabilities [{mobileEmulationEnabled=false, timeouts={implicit=0, pageLoad=300000, script=30000}, hasTouchScreen=false, platform=XP, acceptSslCerts=false, goog:chromeOptions={debuggerAddress=localhost:63706}, acceptInsecureCerts=false, webStorageEnabled=true, browserName=chrome, takesScreenshot=true, javascriptEnabled=true, setWindowRect=true, unexpectedAlertBehaviour=ignore, applicationCacheEnabled=false, rotatable=false, networkConnectionEnabled=false, chrome={chromedriverVersion=2.45.615291 (ec3682e3c9061c10f26ea9e5cdcf3c53f3f74387), userDataDir=C:\Users\KIRAN~1.KUM\AppData\Local\Temp\scoped_dir14824_24780}, takesHeapSnapshot=true, pageLoadStrategy=normal, strictFileInteractability=false, databaseEnabled=false, handlesAlerts=true, version=71.0.3578.98, browserConnectionEnabled=false, proxy={}, nativeEvents=true, locationContextEnabled=true, cssSelectorsEnabled=true}]
Session ID: f4d5dfdce1d64ed57bce537d1ce3c032
	at org.openqa.selenium.support.ui.WebDriverWait.timeoutException(WebDriverWait.java:80)
	at org.openqa.selenium.support.ui.FluentWait.until(FluentWait.java:261)
	at com.automation.genrics.ActionsMethods.sendKeys(ActionsMethods.java:178)
	at com.automation.TestCaseRunner.TestCaseDataReader.testCaseDataRead(TestCaseDataReader.java:141)
	at com.automation.TestCaseRunner.TestCaseDriveClass.testcaseRunner(TestCaseDriveClass.java:32)
	at com.automation.Utilities.SuiteDriveClass.suiteRunner(SuiteDriveClass.java:30)
	at com.automation.TestSuiteRunner.SuiteRunner.suiteRunner(SuiteRunner.java:59)
	at java.base/jdk.internal.reflect.NativeMethodAccessorImpl.invoke0(Native Method)
	at java.base/jdk.internal.reflect.NativeMethodAccessorImpl.invoke(NativeMethodAccessorImpl.java:62)
	at java.base/jdk.internal.reflect.DelegatingMethodAccessorImpl.invoke(DelegatingMethodAccessorImpl.java:43)
	at java.base/java.lang.reflect.Method.invoke(Method.java:566)
	at org.testng.internal.MethodInvocationHelper.invokeMethod(MethodInvocationHelper.java:86)
	at org.testng.internal.Invoker.invokeMethod(Invoker.java:643)
	at org.testng.internal.Invoker.invokeTestMethod(Invoker.java:820)
	at org.testng.internal.Invoker.invokeTestMethods(Invoker.java:1128)
	at org.testng.internal.TestMethodWorker.invokeTestMethods(TestMethodWorker.java:129)
	at org.testng.internal.TestMethodWorker.run(TestMethodWorker.java:112)
	at org.testng.TestRunner.privateRun(TestRunner.java:782)
	at org.testng.TestRunner.run(TestRunner.java:632)
	at org.testng.SuiteRunner.runTest(SuiteRunner.java:366)
	at org.testng.SuiteRunner.runSequentially(SuiteRunner.java:361)
	at org.testng.SuiteRunner.privateRun(SuiteRunner.java:319)
	at org.testng.SuiteRunner.run(SuiteRunner.java:268)
	at org.testng.SuiteRunnerWorker.runSuite(SuiteRunnerWorker.java:52)
	at org.testng.SuiteRunnerWorker.run(SuiteRunnerWorker.java:86)
	at org.testng.TestNG.runSuitesSequentially(TestNG.java:1244)
	at org.testng.TestNG.runSuitesLocally(TestNG.java:1169)
	at org.testng.TestNG.run(TestNG.java:1064)
	at org.testng.TestNG.privateMain(TestNG.java:1385)
	at org.testng.TestNG.main(TestNG.java:1354)
Caused by: org.openqa.selenium.NoSuchElementException: no such element: Unable to locate element: {"method":"name","selector":"name"}
  (Session info: chrome=71.0.3578.98)
  (Driver info: chromedriver=2.45.615291 (ec3682e3c9061c10f26ea9e5cdcf3c53f3f74387),platform=Windows NT 10.0.17134 x86_64) (WARNING: The server did not provide any stacktrace information)
Command duration or timeout: 60.04 seconds
For documentation on this error, please visit: http://seleniumhq.org/exceptions/no_such_element.html
Build info: version: '2.53.0', revision: '35ae25b', time: '2016-03-15 17:01:03'
System info: host: 'DESKTOP-IL6B35H', ip: '172.24.1.109', os.name: 'Windows 10', os.arch: 'amd64', os.version: '10.0', java.version: '11.0.1'
Driver info: org.openqa.selenium.chrome.ChromeDriver
Capabilities [{mobileEmulationEnabled=false, timeouts={implicit=0, pageLoad=300000, script=30000}, hasTouchScreen=false, platform=XP, acceptSslCerts=false, goog:chromeOptions={debuggerAddress=localhost:63706}, acceptInsecureCerts=false, webStorageEnabled=true, browserName=chrome, takesScreenshot=true, javascriptEnabled=true, setWindowRect=true, unexpectedAlertBehaviour=ignore, applicationCacheEnabled=false, rotatable=false, networkConnectionEnabled=false, chrome={chromedriverVersion=2.45.615291 (ec3682e3c9061c10f26ea9e5cdcf3c53f3f74387), userDataDir=C:\Users\KIRAN~1.KUM\AppData\Local\Temp\scoped_dir14824_24780}, takesHeapSnapshot=true, pageLoadStrategy=normal, strictFileInteractability=false, databaseEnabled=false, handlesAlerts=true, version=71.0.3578.98, browserConnectionEnabled=false, proxy={}, nativeEvents=true, locationContextEnabled=true, cssSelectorsEnabled=true}]
Session ID: f4d5dfdce1d64ed57bce537d1ce3c032
*** Element info: {Using=name, value=name}
	at java.base/jdk.internal.reflect.NativeConstructorAccessorImpl.newInstance0(Native Method)
	at java.base/jdk.internal.reflect.NativeConstructorAccessorImpl.newInstance(NativeConstructorAccessorImpl.java:62)
	at java.base/jdk.internal.reflect.DelegatingConstructorAccessorImpl.newInstance(DelegatingConstructorAccessorImpl.java:45)
	at java.base/java.lang.reflect.Constructor.newInstance(Constructor.java:490)
	at org.openqa.selenium.remote.ErrorHandler.createThrowable(ErrorHandler.java:206)
	at org.openqa.selenium.remote.ErrorHandler.throwIfResponseFailed(ErrorHandler.java:158)
	at org.openqa.selenium.remote.RemoteWebDriver.execute(RemoteWebDriver.java:678)
	at org.openqa.selenium.remote.RemoteWebDriver.findElement(RemoteWebDriver.java:363)
	at org.openqa.selenium.remote.RemoteWebDriver.findElementByName(RemoteWebDriver.java:461)
	at org.openqa.selenium.By$ByName.findElement(By.java:303)
	at org.openqa.selenium.remote.RemoteWebDriver.findElement(RemoteWebDriver.java:355)
	at org.openqa.selenium.support.ui.ExpectedConditions.findElement(ExpectedConditions.java:899)
	at org.openqa.selenium.support.ui.ExpectedConditions.access$0(ExpectedConditions.java:897)
	at org.openqa.selenium.support.ui.ExpectedConditions$7.apply(ExpectedConditions.java:205)
	at org.openqa.selenium.support.ui.ExpectedConditions$7.apply(ExpectedConditions.java:1)
	at org.openqa.selenium.support.ui.ExpectedConditions$22.apply(ExpectedConditions.java:653)
	at org.openqa.selenium.support.ui.ExpectedConditions$22.apply(ExpectedConditions.java:1)
	at org.openqa.selenium.support.ui.FluentWait.until(FluentWait.java:238)
	... 28 more
2019-01-09 13:23:28,761 [main] INFO TestCaseDataReader - Actions need to perform : sendkeys
