<!DOCTYPE HTML PUBLIC "-//W3C//DTD HTML 4.01 Transitional//EN" "http://www.w3.org/TR/html4/loose.dtd">
<html>
<head>
<title>GUI_Automation Log</title>
<style type="text/css">
<!--
body, table {font-family: arial,sans-serif; font-size: x-small;}
th {background: #336699; color: #FFFFFF; text-align: left;}
-->
</style>
</head>
<body bgcolor="#FFFFFF" topmargin="6" leftmargin="6">
<hr size="1" noshade>
Log session start time Tue Aug 27 19:16:28 IST 2019<br>
<br>
<table cellspacing="0" cellpadding="4" border="1" bordercolor="#224466" width="100%">
<tr>
<th>Time</th>
<th>Thread</th>
<th>Level</th>
<th>Category</th>
<th>File:Line</th>
<th>Message</th>
</tr>

<tr>
<td>0</td>
<td title="main thread">main</td>
<td title="Level">INFO</td>
<td title="TestCaseDataReader category">TestCaseDataReader</td>
<td>TestCaseDataReader.java:80</td>
<td title="Message">Going to read data from AddAlertRule - testcaseStep.xlsx fle</td>
</tr>

<tr>
<td>826</td>
<td title="main thread">main</td>
<td title="Level">INFO</td>
<td title="TestCaseDataReader category">TestCaseDataReader</td>
<td>TestCaseDataReader.java:83</td>
<td title="Message">Number of sheet/workbook : 5</td>
</tr>

<tr>
<td>827</td>
<td title="main thread">main</td>
<td title="Level">INFO</td>
<td title="TestCaseDataReader category">TestCaseDataReader</td>
<td>TestCaseDataReader.java:89</td>
<td title="Message">SheetName : AddAlertRule</td>
</tr>

<tr>
<td>833</td>
<td title="main thread">main</td>
<td title="Level">INFO</td>
<td title="ActionsMethods category">ActionsMethods</td>
<td>ActionsMethods.java:45</td>
<td title="Message">browser name : chrome</td>
</tr>

<tr>
<td>6433</td>
<td title="main thread">main</td>
<td title="Level">INFO</td>
<td title="Driver category">Driver</td>
<td>DriverClass.java:61</td>
<td title="Message">Chrome driver initialized</td>
</tr>

<tr>
<td>6434</td>
<td title="main thread">main</td>
<td title="Level">INFO</td>
<td title="ActionsMethods category">ActionsMethods</td>
<td>ActionsMethods.java:48</td>
<td title="Message">driver : ChromeDriver: chrome on XP (b3013880cf7caee0b56e8928c8146c50)</td>
</tr>

<tr>
<td>6435</td>
<td title="main thread">main</td>
<td title="Level">INFO</td>
<td title="TestCaseDataReader category">TestCaseDataReader</td>
<td>TestCaseDataReader.java:94</td>
<td title="Message">Size of row : 24</td>
</tr>

<tr>
<td>6441</td>
<td title="main thread">main</td>
<td title="Level">INFO</td>
<td title="TestCaseDataReader category">TestCaseDataReader</td>
<td>TestCaseDataReader.java:99</td>
<td title="Message">Actions need to perform : browse</td>
</tr>

<tr>
<td>6441</td>
<td title="main thread">main</td>
<td title="Level">INFO</td>
<td title="genericMethods category">genericMethods</td>
<td>genericMethods.java:44</td>
<td title="Message">Going to browse url - AddAlertRule_001</td>
</tr>

<tr>
<td>6445</td>
<td title="main thread">main</td>
<td title="Level">INFO</td>
<td title="genericMethods category">genericMethods</td>
<td>genericMethods.java:46</td>
<td title="Message">Going to browse url - Open machine</td>
</tr>

<tr>
<td>6446</td>
<td title="main thread">main</td>
<td title="Level">INFO</td>
<td title="genericMethods category">genericMethods</td>
<td>genericMethods.java:48</td>
<td title="Message">Going to browse url - https://10.10.30.71/ProductUI</td>
</tr>

<tr>
<td>6447</td>
<td title="main thread">main</td>
<td title="Level">INFO</td>
<td title="ActionsMethods category">ActionsMethods</td>
<td>ActionsMethods.java:64</td>
<td title="Message">https://10.10.30.71/ProductUI going to open</td>
</tr>

<tr>
<td>12545</td>
<td title="main thread">main</td>
<td title="Level">INFO</td>
<td title="ActionsMethods category">ActionsMethods</td>
<td>ActionsMethods.java:378</td>
<td title="Message">Screen Capture reports/27_08_2019_07_16/images/AddAlertRule//AddAlertRule_001.png</td>
</tr>

<tr>
<td>12557</td>
<td title="main thread">main</td>
<td title="Level">INFO</td>
<td title="TestCaseDataReader category">TestCaseDataReader</td>
<td>TestCaseDataReader.java:99</td>
<td title="Message">Actions need to perform : sendkeys</td>
</tr>

<tr>
<td>12867</td>
<td title="main thread">main</td>
<td title="Level">INFO</td>
<td title="ActionsMethods category">ActionsMethods</td>
<td>ActionsMethods.java:193</td>
<td title="Message">sucessfully SendKeys on //input[@name='username'] with value pritam.mohapatra@cavisson.com</td>
</tr>

<tr>
<td>16293</td>
<td title="main thread">main</td>
<td title="Level">INFO</td>
<td title="ActionsMethods category">ActionsMethods</td>
<td>ActionsMethods.java:378</td>
<td title="Message">Screen Capture reports/27_08_2019_07_16/images/AddAlertRule//AddAlertRule_002.png</td>
</tr>

<tr>
<td>16295</td>
<td title="main thread">main</td>
<td title="Level">INFO</td>
<td title="TestCaseDataReader category">TestCaseDataReader</td>
<td>TestCaseDataReader.java:99</td>
<td title="Message">Actions need to perform : sendkeys</td>
</tr>

<tr>
<td>17729</td>
<td title="main thread">main</td>
<td title="Level">INFO</td>
<td title="ActionsMethods category">ActionsMethods</td>
<td>ActionsMethods.java:193</td>
<td title="Message">sucessfully SendKeys on //input[@name='password'] with value C0mpass!</td>
</tr>

<tr>
<td>21105</td>
<td title="main thread">main</td>
<td title="Level">INFO</td>
<td title="ActionsMethods category">ActionsMethods</td>
<td>ActionsMethods.java:378</td>
<td title="Message">Screen Capture reports/27_08_2019_07_16/images/AddAlertRule//AddAlertRule_003.png</td>
</tr>

<tr>
<td>21106</td>
<td title="main thread">main</td>
<td title="Level">INFO</td>
<td title="TestCaseDataReader category">TestCaseDataReader</td>
<td>TestCaseDataReader.java:99</td>
<td title="Message">Actions need to perform : click</td>
</tr>

<tr>
<td>21231</td>
<td title="main thread">main</td>
<td title="Level">INFO</td>
<td title="ActionsMethods category">ActionsMethods</td>
<td>ActionsMethods.java:106</td>
<td title="Message">sucessfully click on ByXpath with value //input[@value='Sign In']</td>
</tr>

<tr>
<td>24652</td>
<td title="main thread">main</td>
<td title="Level">INFO</td>
<td title="ActionsMethods category">ActionsMethods</td>
<td>ActionsMethods.java:378</td>
<td title="Message">Screen Capture reports/27_08_2019_07_16/images/AddAlertRule//AddAlertRule_004.png</td>
</tr>

<tr>
<td>24665</td>
<td title="main thread">main</td>
<td title="Level">INFO</td>
<td title="TestCaseDataReader category">TestCaseDataReader</td>
<td>TestCaseDataReader.java:99</td>
<td title="Message">Actions need to perform : alertaccept</td>
</tr>

<tr>
<td>24665</td>
<td title="main thread">main</td>
<td title="Level">INFO</td>
<td title="genericMethods category">genericMethods</td>
<td>genericMethods.java:185</td>
<td title="Message">Going to accept alert on Current page</td>
</tr>

<tr>
<td>84695</td>
<td title="main thread">main</td>
<td title="Level"><font color="#993300"><strong>ERROR</strong></font></td>
<td title="ActionsMethods category">ActionsMethods</td>
<td>ActionsMethods.java:425</td>
<td title="Message">Alert not Present</td>
</tr>

<tr>
<td>88092</td>
<td title="main thread">main</td>
<td title="Level">INFO</td>
<td title="ActionsMethods category">ActionsMethods</td>
<td>ActionsMethods.java:378</td>
<td title="Message">Screen Capture reports/27_08_2019_07_16/images/AddAlertRule//AddAlertRule_005.png</td>
</tr>

<tr>
<td>88092</td>
<td title="main thread">main</td>
<td title="Level">INFO</td>
<td title="TestCaseDataReader category">TestCaseDataReader</td>
<td>TestCaseDataReader.java:99</td>
<td title="Message">Actions need to perform : sleep</td>
</tr>

<tr>
<td>88096</td>
<td title="main thread">main</td>
<td title="Level">INFO</td>
<td title="genericMethods category">genericMethods</td>
<td>genericMethods.java:119</td>
<td title="Message">Test execution stopped for 10000 milliseconds</td>
</tr>

<tr>
<td>98101</td>
<td title="main thread">main</td>
<td title="Level">INFO</td>
<td title="TestCaseDataReader category">TestCaseDataReader</td>
<td>TestCaseDataReader.java:99</td>
<td title="Message">Actions need to perform : click</td>
</tr>

<tr>
<td>222179</td>
<td title="main thread">main</td>
<td title="Level">INFO</td>
<td title="ActionsMethods category">ActionsMethods</td>
<td>ActionsMethods.java:378</td>
<td title="Message">Screen Capture reports/27_08_2019_07_16/images/AddAlertRule//AddAlertRule_007.png</td>
</tr>

<tr>
<td>222180</td>
<td title="main thread">main</td>
<td title="Level"><font color="#993300"><strong>ERROR</strong></font></td>
<td title="ActionsMethods category">ActionsMethods</td>
<td>ActionsMethods.java:172</td>
<td title="Message">Error : </td>
</tr>
<tr><td bgcolor="#993300" style="color:White; font-size : xx-small;" colspan="6">org.openqa.selenium.TimeoutException: Timed out after 120 seconds waiting for element to be clickable: By.xpath: //div[text()=' Alerts']
<br>&nbsp;&nbsp;&nbsp;&nbsp;Build info: version: '2.53.0', revision: '35ae25b', time: '2016-03-15 17:01:03'
<br>&nbsp;&nbsp;&nbsp;&nbsp;System info: host: 'LAPTOP-Q32RROR1', ip: '172.24.2.88', os.name: 'Windows 10', os.arch: 'amd64', os.version: '10.0', java.version: '1.8.0_144'
<br>&nbsp;&nbsp;&nbsp;&nbsp;Driver info: org.openqa.selenium.chrome.ChromeDriver
<br>&nbsp;&nbsp;&nbsp;&nbsp;Capabilities [{mobileEmulationEnabled=false, timeouts={implicit=0, pageLoad=300000, script=30000}, hasTouchScreen=false, platform=XP, acceptSslCerts=false, goog:chromeOptions={debuggerAddress=localhost:52673}, acceptInsecureCerts=false, webStorageEnabled=true, browserName=chrome, takesScreenshot=true, javascriptEnabled=true, setWindowRect=true, unexpectedAlertBehaviour=ignore, applicationCacheEnabled=false, rotatable=false, networkConnectionEnabled=false, chrome={chromedriverVersion=75.0.3770.140 (2d9f97485c7b07dc18a74666574f19176731995c-refs/branch-heads/3770@{#1155}), userDataDir=C:\Users\pritam\AppData\Local\Temp\scoped_dir14632_20061}, takesHeapSnapshot=true, pageLoadStrategy=normal, strictFileInteractability=false, databaseEnabled=false, handlesAlerts=true, version=76.0.3809.132, browserConnectionEnabled=false, proxy={}, nativeEvents=true, locationContextEnabled=true, cssSelectorsEnabled=true}]
<br>&nbsp;&nbsp;&nbsp;&nbsp;Session ID: b3013880cf7caee0b56e8928c8146c50
<br>&nbsp;&nbsp;&nbsp;&nbsp;	at org.openqa.selenium.support.ui.WebDriverWait.timeoutException(WebDriverWait.java:80)
<br>&nbsp;&nbsp;&nbsp;&nbsp;	at org.openqa.selenium.support.ui.FluentWait.until(FluentWait.java:261)
<br>&nbsp;&nbsp;&nbsp;&nbsp;	at com.automation.genrics.ActionsMethods.click(ActionsMethods.java:103)
<br>&nbsp;&nbsp;&nbsp;&nbsp;	at com.automation.genrics.genericMethods.defMthd(genericMethods.java:71)
<br>&nbsp;&nbsp;&nbsp;&nbsp;	at com.automation.TestCaseRunner.TestCaseDataReader.testCaseDataRead(TestCaseDataReader.java:104)
<br>&nbsp;&nbsp;&nbsp;&nbsp;	at com.automation.TestCaseRunner.TestCaseDriveClass.testcaseRunner(TestCaseDriveClass.java:51)
<br>&nbsp;&nbsp;&nbsp;&nbsp;	at com.automation.Utilities.SuiteDriveClass.suiteRunner(SuiteDriveClass.java:34)
<br>&nbsp;&nbsp;&nbsp;&nbsp;	at com.automation.TestSuiteRunner.SuiteRunner.suiteRunner(SuiteRunner.java:58)
<br>&nbsp;&nbsp;&nbsp;&nbsp;	at sun.reflect.NativeMethodAccessorImpl.invoke0(Native Method)
<br>&nbsp;&nbsp;&nbsp;&nbsp;	at sun.reflect.NativeMethodAccessorImpl.invoke(NativeMethodAccessorImpl.java:62)
<br>&nbsp;&nbsp;&nbsp;&nbsp;	at sun.reflect.DelegatingMethodAccessorImpl.invoke(DelegatingMethodAccessorImpl.java:43)
<br>&nbsp;&nbsp;&nbsp;&nbsp;	at java.lang.reflect.Method.invoke(Method.java:498)
<br>&nbsp;&nbsp;&nbsp;&nbsp;	at org.testng.internal.MethodInvocationHelper.invokeMethod(MethodInvocationHelper.java:86)
<br>&nbsp;&nbsp;&nbsp;&nbsp;	at org.testng.internal.Invoker.invokeMethod(Invoker.java:643)
<br>&nbsp;&nbsp;&nbsp;&nbsp;	at org.testng.internal.Invoker.invokeTestMethod(Invoker.java:820)
<br>&nbsp;&nbsp;&nbsp;&nbsp;	at org.testng.internal.Invoker.invokeTestMethods(Invoker.java:1128)
<br>&nbsp;&nbsp;&nbsp;&nbsp;	at org.testng.internal.TestMethodWorker.invokeTestMethods(TestMethodWorker.java:129)
<br>&nbsp;&nbsp;&nbsp;&nbsp;	at org.testng.internal.TestMethodWorker.run(TestMethodWorker.java:112)
<br>&nbsp;&nbsp;&nbsp;&nbsp;	at org.testng.TestRunner.privateRun(TestRunner.java:782)
<br>&nbsp;&nbsp;&nbsp;&nbsp;	at org.testng.TestRunner.run(TestRunner.java:632)
<br>&nbsp;&nbsp;&nbsp;&nbsp;	at org.testng.SuiteRunner.runTest(SuiteRunner.java:366)
<br>&nbsp;&nbsp;&nbsp;&nbsp;	at org.testng.SuiteRunner.runSequentially(SuiteRunner.java:361)
<br>&nbsp;&nbsp;&nbsp;&nbsp;	at org.testng.SuiteRunner.privateRun(SuiteRunner.java:319)
<br>&nbsp;&nbsp;&nbsp;&nbsp;	at org.testng.SuiteRunner.run(SuiteRunner.java:268)
<br>&nbsp;&nbsp;&nbsp;&nbsp;	at org.testng.SuiteRunnerWorker.runSuite(SuiteRunnerWorker.java:52)
<br>&nbsp;&nbsp;&nbsp;&nbsp;	at org.testng.SuiteRunnerWorker.run(SuiteRunnerWorker.java:86)
<br>&nbsp;&nbsp;&nbsp;&nbsp;	at org.testng.TestNG.runSuitesSequentially(TestNG.java:1244)
<br>&nbsp;&nbsp;&nbsp;&nbsp;	at org.testng.TestNG.runSuitesLocally(TestNG.java:1169)
<br>&nbsp;&nbsp;&nbsp;&nbsp;	at org.testng.TestNG.run(TestNG.java:1064)
<br>&nbsp;&nbsp;&nbsp;&nbsp;	at org.testng.TestNG.privateMain(TestNG.java:1385)
<br>&nbsp;&nbsp;&nbsp;&nbsp;	at org.testng.TestNG.main(TestNG.java:1354)
<br>&nbsp;&nbsp;&nbsp;&nbsp;Caused by: org.openqa.selenium.NoSuchElementException: no such element: Unable to locate element: {&quot;method&quot;:&quot;xpath&quot;,&quot;selector&quot;:&quot;//div[text()=' Alerts']&quot;}
<br>&nbsp;&nbsp;&nbsp;&nbsp;  (Session info: chrome=76.0.3809.132)
<br>&nbsp;&nbsp;&nbsp;&nbsp;  (Driver info: chromedriver=75.0.3770.140 (2d9f97485c7b07dc18a74666574f19176731995c-refs/branch-heads/3770@{#1155}),platform=Windows NT 10.0.17134 x86_64) (WARNING: The server did not provide any stacktrace information)
<br>&nbsp;&nbsp;&nbsp;&nbsp;Command duration or timeout: 60.07 seconds
<br>&nbsp;&nbsp;&nbsp;&nbsp;For documentation on this error, please visit: http://seleniumhq.org/exceptions/no_such_element.html
<br>&nbsp;&nbsp;&nbsp;&nbsp;Build info: version: '2.53.0', revision: '35ae25b', time: '2016-03-15 17:01:03'
<br>&nbsp;&nbsp;&nbsp;&nbsp;System info: host: 'LAPTOP-Q32RROR1', ip: '172.24.2.88', os.name: 'Windows 10', os.arch: 'amd64', os.version: '10.0', java.version: '1.8.0_144'
<br>&nbsp;&nbsp;&nbsp;&nbsp;Driver info: org.openqa.selenium.chrome.ChromeDriver
<br>&nbsp;&nbsp;&nbsp;&nbsp;Capabilities [{mobileEmulationEnabled=false, timeouts={implicit=0, pageLoad=300000, script=30000}, hasTouchScreen=false, platform=XP, acceptSslCerts=false, goog:chromeOptions={debuggerAddress=localhost:52673}, acceptInsecureCerts=false, webStorageEnabled=true, browserName=chrome, takesScreenshot=true, javascriptEnabled=true, setWindowRect=true, unexpectedAlertBehaviour=ignore, applicationCacheEnabled=false, rotatable=false, networkConnectionEnabled=false, chrome={chromedriverVersion=75.0.3770.140 (2d9f97485c7b07dc18a74666574f19176731995c-refs/branch-heads/3770@{#1155}), userDataDir=C:\Users\pritam\AppData\Local\Temp\scoped_dir14632_20061}, takesHeapSnapshot=true, pageLoadStrategy=normal, strictFileInteractability=false, databaseEnabled=false, handlesAlerts=true, version=76.0.3809.132, browserConnectionEnabled=false, proxy={}, nativeEvents=true, locationContextEnabled=true, cssSelectorsEnabled=true}]
<br>&nbsp;&nbsp;&nbsp;&nbsp;Session ID: b3013880cf7caee0b56e8928c8146c50
<br>&nbsp;&nbsp;&nbsp;&nbsp;*** Element info: {Using=xpath, value=//div[text()=' Alerts']}
<br>&nbsp;&nbsp;&nbsp;&nbsp;	at sun.reflect.NativeConstructorAccessorImpl.newInstance0(Native Method)
<br>&nbsp;&nbsp;&nbsp;&nbsp;	at sun.reflect.NativeConstructorAccessorImpl.newInstance(NativeConstructorAccessorImpl.java:62)
<br>&nbsp;&nbsp;&nbsp;&nbsp;	at sun.reflect.DelegatingConstructorAccessorImpl.newInstance(DelegatingConstructorAccessorImpl.java:45)
<br>&nbsp;&nbsp;&nbsp;&nbsp;	at java.lang.reflect.Constructor.newInstance(Constructor.java:423)
<br>&nbsp;&nbsp;&nbsp;&nbsp;	at org.openqa.selenium.remote.ErrorHandler.createThrowable(ErrorHandler.java:206)
<br>&nbsp;&nbsp;&nbsp;&nbsp;	at org.openqa.selenium.remote.ErrorHandler.throwIfResponseFailed(ErrorHandler.java:158)
<br>&nbsp;&nbsp;&nbsp;&nbsp;	at org.openqa.selenium.remote.RemoteWebDriver.execute(RemoteWebDriver.java:678)
<br>&nbsp;&nbsp;&nbsp;&nbsp;	at org.openqa.selenium.remote.RemoteWebDriver.findElement(RemoteWebDriver.java:363)
<br>&nbsp;&nbsp;&nbsp;&nbsp;	at org.openqa.selenium.remote.RemoteWebDriver.findElementByXPath(RemoteWebDriver.java:500)
<br>&nbsp;&nbsp;&nbsp;&nbsp;	at org.openqa.selenium.By$ByXPath.findElement(By.java:361)
<br>&nbsp;&nbsp;&nbsp;&nbsp;	at org.openqa.selenium.remote.RemoteWebDriver.findElement(RemoteWebDriver.java:355)
<br>&nbsp;&nbsp;&nbsp;&nbsp;	at org.openqa.selenium.support.ui.ExpectedConditions.findElement(ExpectedConditions.java:899)
<br>&nbsp;&nbsp;&nbsp;&nbsp;	at org.openqa.selenium.support.ui.ExpectedConditions.access$0(ExpectedConditions.java:897)
<br>&nbsp;&nbsp;&nbsp;&nbsp;	at org.openqa.selenium.support.ui.ExpectedConditions$7.apply(ExpectedConditions.java:205)
<br>&nbsp;&nbsp;&nbsp;&nbsp;	at org.openqa.selenium.support.ui.ExpectedConditions$7.apply(ExpectedConditions.java:1)
<br>&nbsp;&nbsp;&nbsp;&nbsp;	at org.openqa.selenium.support.ui.ExpectedConditions$22.apply(ExpectedConditions.java:653)
<br>&nbsp;&nbsp;&nbsp;&nbsp;	at org.openqa.selenium.support.ui.ExpectedConditions$22.apply(ExpectedConditions.java:1)
<br>&nbsp;&nbsp;&nbsp;&nbsp;	at org.openqa.selenium.support.ui.FluentWait.until(FluentWait.java:238)
<br>&nbsp;&nbsp;&nbsp;&nbsp;	... 29 more
</td></tr>

<tr>
<td>222278</td>
<td title="main thread">main</td>
<td title="Level">INFO</td>
<td title="TestCaseDataReader category">TestCaseDataReader</td>
<td>TestCaseDataReader.java:99</td>
<td title="Message">Actions need to perform : click</td>
</tr>

<tr>
<td>346284</td>
<td title="main thread">main</td>
<td title="Level">INFO</td>
<td title="ActionsMethods category">ActionsMethods</td>
<td>ActionsMethods.java:378</td>
<td title="Message">Screen Capture reports/27_08_2019_07_16/images/AddAlertRule//AddAlertRule_008.png</td>
</tr>

<tr>
<td>346284</td>
<td title="main thread">main</td>
<td title="Level"><font color="#993300"><strong>ERROR</strong></font></td>
<td title="ActionsMethods category">ActionsMethods</td>
<td>ActionsMethods.java:172</td>
<td title="Message">Error : </td>
</tr>
<tr><td bgcolor="#993300" style="color:White; font-size : xx-small;" colspan="6">org.openqa.selenium.TimeoutException: Timed out after 120 seconds waiting for element to be clickable: By.xpath: //span[text()='Rules']
<br>&nbsp;&nbsp;&nbsp;&nbsp;Build info: version: '2.53.0', revision: '35ae25b', time: '2016-03-15 17:01:03'
<br>&nbsp;&nbsp;&nbsp;&nbsp;System info: host: 'LAPTOP-Q32RROR1', ip: '172.24.2.88', os.name: 'Windows 10', os.arch: 'amd64', os.version: '10.0', java.version: '1.8.0_144'
<br>&nbsp;&nbsp;&nbsp;&nbsp;Driver info: org.openqa.selenium.chrome.ChromeDriver
<br>&nbsp;&nbsp;&nbsp;&nbsp;Capabilities [{mobileEmulationEnabled=false, timeouts={implicit=0, pageLoad=300000, script=30000}, hasTouchScreen=false, platform=XP, acceptSslCerts=false, goog:chromeOptions={debuggerAddress=localhost:52673}, acceptInsecureCerts=false, webStorageEnabled=true, browserName=chrome, takesScreenshot=true, javascriptEnabled=true, setWindowRect=true, unexpectedAlertBehaviour=ignore, applicationCacheEnabled=false, rotatable=false, networkConnectionEnabled=false, chrome={chromedriverVersion=75.0.3770.140 (2d9f97485c7b07dc18a74666574f19176731995c-refs/branch-heads/3770@{#1155}), userDataDir=C:\Users\pritam\AppData\Local\Temp\scoped_dir14632_20061}, takesHeapSnapshot=true, pageLoadStrategy=normal, strictFileInteractability=false, databaseEnabled=false, handlesAlerts=true, version=76.0.3809.132, browserConnectionEnabled=false, proxy={}, nativeEvents=true, locationContextEnabled=true, cssSelectorsEnabled=true}]
<br>&nbsp;&nbsp;&nbsp;&nbsp;Session ID: b3013880cf7caee0b56e8928c8146c50
<br>&nbsp;&nbsp;&nbsp;&nbsp;	at org.openqa.selenium.support.ui.WebDriverWait.timeoutException(WebDriverWait.java:80)
<br>&nbsp;&nbsp;&nbsp;&nbsp;	at org.openqa.selenium.support.ui.FluentWait.until(FluentWait.java:261)
<br>&nbsp;&nbsp;&nbsp;&nbsp;	at com.automation.genrics.ActionsMethods.click(ActionsMethods.java:103)
<br>&nbsp;&nbsp;&nbsp;&nbsp;	at com.automation.genrics.genericMethods.defMthd(genericMethods.java:71)
<br>&nbsp;&nbsp;&nbsp;&nbsp;	at com.automation.TestCaseRunner.TestCaseDataReader.testCaseDataRead(TestCaseDataReader.java:104)
<br>&nbsp;&nbsp;&nbsp;&nbsp;	at com.automation.TestCaseRunner.TestCaseDriveClass.testcaseRunner(TestCaseDriveClass.java:51)
<br>&nbsp;&nbsp;&nbsp;&nbsp;	at com.automation.Utilities.SuiteDriveClass.suiteRunner(SuiteDriveClass.java:34)
<br>&nbsp;&nbsp;&nbsp;&nbsp;	at com.automation.TestSuiteRunner.SuiteRunner.suiteRunner(SuiteRunner.java:58)
<br>&nbsp;&nbsp;&nbsp;&nbsp;	at sun.reflect.NativeMethodAccessorImpl.invoke0(Native Method)
<br>&nbsp;&nbsp;&nbsp;&nbsp;	at sun.reflect.NativeMethodAccessorImpl.invoke(NativeMethodAccessorImpl.java:62)
<br>&nbsp;&nbsp;&nbsp;&nbsp;	at sun.reflect.DelegatingMethodAccessorImpl.invoke(DelegatingMethodAccessorImpl.java:43)
<br>&nbsp;&nbsp;&nbsp;&nbsp;	at java.lang.reflect.Method.invoke(Method.java:498)
<br>&nbsp;&nbsp;&nbsp;&nbsp;	at org.testng.internal.MethodInvocationHelper.invokeMethod(MethodInvocationHelper.java:86)
<br>&nbsp;&nbsp;&nbsp;&nbsp;	at org.testng.internal.Invoker.invokeMethod(Invoker.java:643)
<br>&nbsp;&nbsp;&nbsp;&nbsp;	at org.testng.internal.Invoker.invokeTestMethod(Invoker.java:820)
<br>&nbsp;&nbsp;&nbsp;&nbsp;	at org.testng.internal.Invoker.invokeTestMethods(Invoker.java:1128)
<br>&nbsp;&nbsp;&nbsp;&nbsp;	at org.testng.internal.TestMethodWorker.invokeTestMethods(TestMethodWorker.java:129)
<br>&nbsp;&nbsp;&nbsp;&nbsp;	at org.testng.internal.TestMethodWorker.run(TestMethodWorker.java:112)
<br>&nbsp;&nbsp;&nbsp;&nbsp;	at org.testng.TestRunner.privateRun(TestRunner.java:782)
<br>&nbsp;&nbsp;&nbsp;&nbsp;	at org.testng.TestRunner.run(TestRunner.java:632)
<br>&nbsp;&nbsp;&nbsp;&nbsp;	at org.testng.SuiteRunner.runTest(SuiteRunner.java:366)
<br>&nbsp;&nbsp;&nbsp;&nbsp;	at org.testng.SuiteRunner.runSequentially(SuiteRunner.java:361)
<br>&nbsp;&nbsp;&nbsp;&nbsp;	at org.testng.SuiteRunner.privateRun(SuiteRunner.java:319)
<br>&nbsp;&nbsp;&nbsp;&nbsp;	at org.testng.SuiteRunner.run(SuiteRunner.java:268)
<br>&nbsp;&nbsp;&nbsp;&nbsp;	at org.testng.SuiteRunnerWorker.runSuite(SuiteRunnerWorker.java:52)
<br>&nbsp;&nbsp;&nbsp;&nbsp;	at org.testng.SuiteRunnerWorker.run(SuiteRunnerWorker.java:86)
<br>&nbsp;&nbsp;&nbsp;&nbsp;	at org.testng.TestNG.runSuitesSequentially(TestNG.java:1244)
<br>&nbsp;&nbsp;&nbsp;&nbsp;	at org.testng.TestNG.runSuitesLocally(TestNG.java:1169)
<br>&nbsp;&nbsp;&nbsp;&nbsp;	at org.testng.TestNG.run(TestNG.java:1064)
<br>&nbsp;&nbsp;&nbsp;&nbsp;	at org.testng.TestNG.privateMain(TestNG.java:1385)
<br>&nbsp;&nbsp;&nbsp;&nbsp;	at org.testng.TestNG.main(TestNG.java:1354)
<br>&nbsp;&nbsp;&nbsp;&nbsp;Caused by: org.openqa.selenium.NoSuchElementException: no such element: Unable to locate element: {&quot;method&quot;:&quot;xpath&quot;,&quot;selector&quot;:&quot;//span[text()='Rules']&quot;}
<br>&nbsp;&nbsp;&nbsp;&nbsp;  (Session info: chrome=76.0.3809.132)
<br>&nbsp;&nbsp;&nbsp;&nbsp;  (Driver info: chromedriver=75.0.3770.140 (2d9f97485c7b07dc18a74666574f19176731995c-refs/branch-heads/3770@{#1155}),platform=Windows NT 10.0.17134 x86_64) (WARNING: The server did not provide any stacktrace information)
<br>&nbsp;&nbsp;&nbsp;&nbsp;Command duration or timeout: 60.06 seconds
<br>&nbsp;&nbsp;&nbsp;&nbsp;For documentation on this error, please visit: http://seleniumhq.org/exceptions/no_such_element.html
<br>&nbsp;&nbsp;&nbsp;&nbsp;Build info: version: '2.53.0', revision: '35ae25b', time: '2016-03-15 17:01:03'
<br>&nbsp;&nbsp;&nbsp;&nbsp;System info: host: 'LAPTOP-Q32RROR1', ip: '172.24.2.88', os.name: 'Windows 10', os.arch: 'amd64', os.version: '10.0', java.version: '1.8.0_144'
<br>&nbsp;&nbsp;&nbsp;&nbsp;Driver info: org.openqa.selenium.chrome.ChromeDriver
<br>&nbsp;&nbsp;&nbsp;&nbsp;Capabilities [{mobileEmulationEnabled=false, timeouts={implicit=0, pageLoad=300000, script=30000}, hasTouchScreen=false, platform=XP, acceptSslCerts=false, goog:chromeOptions={debuggerAddress=localhost:52673}, acceptInsecureCerts=false, webStorageEnabled=true, browserName=chrome, takesScreenshot=true, javascriptEnabled=true, setWindowRect=true, unexpectedAlertBehaviour=ignore, applicationCacheEnabled=false, rotatable=false, networkConnectionEnabled=false, chrome={chromedriverVersion=75.0.3770.140 (2d9f97485c7b07dc18a74666574f19176731995c-refs/branch-heads/3770@{#1155}), userDataDir=C:\Users\pritam\AppData\Local\Temp\scoped_dir14632_20061}, takesHeapSnapshot=true, pageLoadStrategy=normal, strictFileInteractability=false, databaseEnabled=false, handlesAlerts=true, version=76.0.3809.132, browserConnectionEnabled=false, proxy={}, nativeEvents=true, locationContextEnabled=true, cssSelectorsEnabled=true}]
<br>&nbsp;&nbsp;&nbsp;&nbsp;Session ID: b3013880cf7caee0b56e8928c8146c50
<br>&nbsp;&nbsp;&nbsp;&nbsp;*** Element info: {Using=xpath, value=//span[text()='Rules']}
<br>&nbsp;&nbsp;&nbsp;&nbsp;	at sun.reflect.NativeConstructorAccessorImpl.newInstance0(Native Method)
<br>&nbsp;&nbsp;&nbsp;&nbsp;	at sun.reflect.NativeConstructorAccessorImpl.newInstance(NativeConstructorAccessorImpl.java:62)
<br>&nbsp;&nbsp;&nbsp;&nbsp;	at sun.reflect.DelegatingConstructorAccessorImpl.newInstance(DelegatingConstructorAccessorImpl.java:45)
<br>&nbsp;&nbsp;&nbsp;&nbsp;	at java.lang.reflect.Constructor.newInstance(Constructor.java:423)
<br>&nbsp;&nbsp;&nbsp;&nbsp;	at org.openqa.selenium.remote.ErrorHandler.createThrowable(ErrorHandler.java:206)
<br>&nbsp;&nbsp;&nbsp;&nbsp;	at org.openqa.selenium.remote.ErrorHandler.throwIfResponseFailed(ErrorHandler.java:158)
<br>&nbsp;&nbsp;&nbsp;&nbsp;	at org.openqa.selenium.remote.RemoteWebDriver.execute(RemoteWebDriver.java:678)
<br>&nbsp;&nbsp;&nbsp;&nbsp;	at org.openqa.selenium.remote.RemoteWebDriver.findElement(RemoteWebDriver.java:363)
<br>&nbsp;&nbsp;&nbsp;&nbsp;	at org.openqa.selenium.remote.RemoteWebDriver.findElementByXPath(RemoteWebDriver.java:500)
<br>&nbsp;&nbsp;&nbsp;&nbsp;	at org.openqa.selenium.By$ByXPath.findElement(By.java:361)
<br>&nbsp;&nbsp;&nbsp;&nbsp;	at org.openqa.selenium.remote.RemoteWebDriver.findElement(RemoteWebDriver.java:355)
<br>&nbsp;&nbsp;&nbsp;&nbsp;	at org.openqa.selenium.support.ui.ExpectedConditions.findElement(ExpectedConditions.java:899)
<br>&nbsp;&nbsp;&nbsp;&nbsp;	at org.openqa.selenium.support.ui.ExpectedConditions.access$0(ExpectedConditions.java:897)
<br>&nbsp;&nbsp;&nbsp;&nbsp;	at org.openqa.selenium.support.ui.ExpectedConditions$7.apply(ExpectedConditions.java:205)
<br>&nbsp;&nbsp;&nbsp;&nbsp;	at org.openqa.selenium.support.ui.ExpectedConditions$7.apply(ExpectedConditions.java:1)
<br>&nbsp;&nbsp;&nbsp;&nbsp;	at org.openqa.selenium.support.ui.ExpectedConditions$22.apply(ExpectedConditions.java:653)
<br>&nbsp;&nbsp;&nbsp;&nbsp;	at org.openqa.selenium.support.ui.ExpectedConditions$22.apply(ExpectedConditions.java:1)
<br>&nbsp;&nbsp;&nbsp;&nbsp;	at org.openqa.selenium.support.ui.FluentWait.until(FluentWait.java:238)
<br>&nbsp;&nbsp;&nbsp;&nbsp;	... 29 more
</td></tr>

<tr>
<td>346356</td>
<td title="main thread">main</td>
<td title="Level">INFO</td>
<td title="TestCaseDataReader category">TestCaseDataReader</td>
<td>TestCaseDataReader.java:99</td>
<td title="Message">Actions need to perform : sleep</td>
</tr>

<tr>
<td>346358</td>
<td title="main thread">main</td>
<td title="Level">INFO</td>
<td title="genericMethods category">genericMethods</td>
<td>genericMethods.java:119</td>
<td title="Message">Test execution stopped for 10000 milliseconds</td>
</tr>

<tr>
<td>356365</td>
<td title="main thread">main</td>
<td title="Level">INFO</td>
<td title="TestCaseDataReader category">TestCaseDataReader</td>
<td>TestCaseDataReader.java:99</td>
<td title="Message">Actions need to perform : click</td>
</tr>

<tr>
<td>480464</td>
<td title="main thread">main</td>
<td title="Level">INFO</td>
<td title="ActionsMethods category">ActionsMethods</td>
<td>ActionsMethods.java:378</td>
<td title="Message">Screen Capture reports/27_08_2019_07_16/images/AddAlertRule//AddAlertRule_010.png</td>
</tr>

<tr>
<td>480465</td>
<td title="main thread">main</td>
<td title="Level"><font color="#993300"><strong>ERROR</strong></font></td>
<td title="ActionsMethods category">ActionsMethods</td>
<td>ActionsMethods.java:172</td>
<td title="Message">Error : </td>
</tr>
<tr><td bgcolor="#993300" style="color:White; font-size : xx-small;" colspan="6">org.openqa.selenium.TimeoutException: Timed out after 120 seconds waiting for element to be clickable: By.xpath: //span[text()='Add']
<br>&nbsp;&nbsp;&nbsp;&nbsp;Build info: version: '2.53.0', revision: '35ae25b', time: '2016-03-15 17:01:03'
<br>&nbsp;&nbsp;&nbsp;&nbsp;System info: host: 'LAPTOP-Q32RROR1', ip: '172.24.2.88', os.name: 'Windows 10', os.arch: 'amd64', os.version: '10.0', java.version: '1.8.0_144'
<br>&nbsp;&nbsp;&nbsp;&nbsp;Driver info: org.openqa.selenium.chrome.ChromeDriver
<br>&nbsp;&nbsp;&nbsp;&nbsp;Capabilities [{mobileEmulationEnabled=false, timeouts={implicit=0, pageLoad=300000, script=30000}, hasTouchScreen=false, platform=XP, acceptSslCerts=false, goog:chromeOptions={debuggerAddress=localhost:52673}, acceptInsecureCerts=false, webStorageEnabled=true, browserName=chrome, takesScreenshot=true, javascriptEnabled=true, setWindowRect=true, unexpectedAlertBehaviour=ignore, applicationCacheEnabled=false, rotatable=false, networkConnectionEnabled=false, chrome={chromedriverVersion=75.0.3770.140 (2d9f97485c7b07dc18a74666574f19176731995c-refs/branch-heads/3770@{#1155}), userDataDir=C:\Users\pritam\AppData\Local\Temp\scoped_dir14632_20061}, takesHeapSnapshot=true, pageLoadStrategy=normal, strictFileInteractability=false, databaseEnabled=false, handlesAlerts=true, version=76.0.3809.132, browserConnectionEnabled=false, proxy={}, nativeEvents=true, locationContextEnabled=true, cssSelectorsEnabled=true}]
<br>&nbsp;&nbsp;&nbsp;&nbsp;Session ID: b3013880cf7caee0b56e8928c8146c50
<br>&nbsp;&nbsp;&nbsp;&nbsp;	at org.openqa.selenium.support.ui.WebDriverWait.timeoutException(WebDriverWait.java:80)
<br>&nbsp;&nbsp;&nbsp;&nbsp;	at org.openqa.selenium.support.ui.FluentWait.until(FluentWait.java:261)
<br>&nbsp;&nbsp;&nbsp;&nbsp;	at com.automation.genrics.ActionsMethods.click(ActionsMethods.java:103)
<br>&nbsp;&nbsp;&nbsp;&nbsp;	at com.automation.genrics.genericMethods.defMthd(genericMethods.java:71)
<br>&nbsp;&nbsp;&nbsp;&nbsp;	at com.automation.TestCaseRunner.TestCaseDataReader.testCaseDataRead(TestCaseDataReader.java:104)
<br>&nbsp;&nbsp;&nbsp;&nbsp;	at com.automation.TestCaseRunner.TestCaseDriveClass.testcaseRunner(TestCaseDriveClass.java:51)
<br>&nbsp;&nbsp;&nbsp;&nbsp;	at com.automation.Utilities.SuiteDriveClass.suiteRunner(SuiteDriveClass.java:34)
<br>&nbsp;&nbsp;&nbsp;&nbsp;	at com.automation.TestSuiteRunner.SuiteRunner.suiteRunner(SuiteRunner.java:58)
<br>&nbsp;&nbsp;&nbsp;&nbsp;	at sun.reflect.NativeMethodAccessorImpl.invoke0(Native Method)
<br>&nbsp;&nbsp;&nbsp;&nbsp;	at sun.reflect.NativeMethodAccessorImpl.invoke(NativeMethodAccessorImpl.java:62)
<br>&nbsp;&nbsp;&nbsp;&nbsp;	at sun.reflect.DelegatingMethodAccessorImpl.invoke(DelegatingMethodAccessorImpl.java:43)
<br>&nbsp;&nbsp;&nbsp;&nbsp;	at java.lang.reflect.Method.invoke(Method.java:498)
<br>&nbsp;&nbsp;&nbsp;&nbsp;	at org.testng.internal.MethodInvocationHelper.invokeMethod(MethodInvocationHelper.java:86)
<br>&nbsp;&nbsp;&nbsp;&nbsp;	at org.testng.internal.Invoker.invokeMethod(Invoker.java:643)
<br>&nbsp;&nbsp;&nbsp;&nbsp;	at org.testng.internal.Invoker.invokeTestMethod(Invoker.java:820)
<br>&nbsp;&nbsp;&nbsp;&nbsp;	at org.testng.internal.Invoker.invokeTestMethods(Invoker.java:1128)
<br>&nbsp;&nbsp;&nbsp;&nbsp;	at org.testng.internal.TestMethodWorker.invokeTestMethods(TestMethodWorker.java:129)
<br>&nbsp;&nbsp;&nbsp;&nbsp;	at org.testng.internal.TestMethodWorker.run(TestMethodWorker.java:112)
<br>&nbsp;&nbsp;&nbsp;&nbsp;	at org.testng.TestRunner.privateRun(TestRunner.java:782)
<br>&nbsp;&nbsp;&nbsp;&nbsp;	at org.testng.TestRunner.run(TestRunner.java:632)
<br>&nbsp;&nbsp;&nbsp;&nbsp;	at org.testng.SuiteRunner.runTest(SuiteRunner.java:366)
<br>&nbsp;&nbsp;&nbsp;&nbsp;	at org.testng.SuiteRunner.runSequentially(SuiteRunner.java:361)
<br>&nbsp;&nbsp;&nbsp;&nbsp;	at org.testng.SuiteRunner.privateRun(SuiteRunner.java:319)
<br>&nbsp;&nbsp;&nbsp;&nbsp;	at org.testng.SuiteRunner.run(SuiteRunner.java:268)
<br>&nbsp;&nbsp;&nbsp;&nbsp;	at org.testng.SuiteRunnerWorker.runSuite(SuiteRunnerWorker.java:52)
<br>&nbsp;&nbsp;&nbsp;&nbsp;	at org.testng.SuiteRunnerWorker.run(SuiteRunnerWorker.java:86)
<br>&nbsp;&nbsp;&nbsp;&nbsp;	at org.testng.TestNG.runSuitesSequentially(TestNG.java:1244)
<br>&nbsp;&nbsp;&nbsp;&nbsp;	at org.testng.TestNG.runSuitesLocally(TestNG.java:1169)
<br>&nbsp;&nbsp;&nbsp;&nbsp;	at org.testng.TestNG.run(TestNG.java:1064)
<br>&nbsp;&nbsp;&nbsp;&nbsp;	at org.testng.TestNG.privateMain(TestNG.java:1385)
<br>&nbsp;&nbsp;&nbsp;&nbsp;	at org.testng.TestNG.main(TestNG.java:1354)
<br>&nbsp;&nbsp;&nbsp;&nbsp;Caused by: org.openqa.selenium.NoSuchElementException: no such element: Unable to locate element: {&quot;method&quot;:&quot;xpath&quot;,&quot;selector&quot;:&quot;//span[text()='Add']&quot;}
<br>&nbsp;&nbsp;&nbsp;&nbsp;  (Session info: chrome=76.0.3809.132)
<br>&nbsp;&nbsp;&nbsp;&nbsp;  (Driver info: chromedriver=75.0.3770.140 (2d9f97485c7b07dc18a74666574f19176731995c-refs/branch-heads/3770@{#1155}),platform=Windows NT 10.0.17134 x86_64) (WARNING: The server did not provide any stacktrace information)
<br>&nbsp;&nbsp;&nbsp;&nbsp;Command duration or timeout: 60.05 seconds
<br>&nbsp;&nbsp;&nbsp;&nbsp;For documentation on this error, please visit: http://seleniumhq.org/exceptions/no_such_element.html
<br>&nbsp;&nbsp;&nbsp;&nbsp;Build info: version: '2.53.0', revision: '35ae25b', time: '2016-03-15 17:01:03'
<br>&nbsp;&nbsp;&nbsp;&nbsp;System info: host: 'LAPTOP-Q32RROR1', ip: '172.24.2.88', os.name: 'Windows 10', os.arch: 'amd64', os.version: '10.0', java.version: '1.8.0_144'
<br>&nbsp;&nbsp;&nbsp;&nbsp;Driver info: org.openqa.selenium.chrome.ChromeDriver
<br>&nbsp;&nbsp;&nbsp;&nbsp;Capabilities [{mobileEmulationEnabled=false, timeouts={implicit=0, pageLoad=300000, script=30000}, hasTouchScreen=false, platform=XP, acceptSslCerts=false, goog:chromeOptions={debuggerAddress=localhost:52673}, acceptInsecureCerts=false, webStorageEnabled=true, browserName=chrome, takesScreenshot=true, javascriptEnabled=true, setWindowRect=true, unexpectedAlertBehaviour=ignore, applicationCacheEnabled=false, rotatable=false, networkConnectionEnabled=false, chrome={chromedriverVersion=75.0.3770.140 (2d9f97485c7b07dc18a74666574f19176731995c-refs/branch-heads/3770@{#1155}), userDataDir=C:\Users\pritam\AppData\Local\Temp\scoped_dir14632_20061}, takesHeapSnapshot=true, pageLoadStrategy=normal, strictFileInteractability=false, databaseEnabled=false, handlesAlerts=true, version=76.0.3809.132, browserConnectionEnabled=false, proxy={}, nativeEvents=true, locationContextEnabled=true, cssSelectorsEnabled=true}]
<br>&nbsp;&nbsp;&nbsp;&nbsp;Session ID: b3013880cf7caee0b56e8928c8146c50
<br>&nbsp;&nbsp;&nbsp;&nbsp;*** Element info: {Using=xpath, value=//span[text()='Add']}
<br>&nbsp;&nbsp;&nbsp;&nbsp;	at sun.reflect.NativeConstructorAccessorImpl.newInstance0(Native Method)
<br>&nbsp;&nbsp;&nbsp;&nbsp;	at sun.reflect.NativeConstructorAccessorImpl.newInstance(NativeConstructorAccessorImpl.java:62)
<br>&nbsp;&nbsp;&nbsp;&nbsp;	at sun.reflect.DelegatingConstructorAccessorImpl.newInstance(DelegatingConstructorAccessorImpl.java:45)
<br>&nbsp;&nbsp;&nbsp;&nbsp;	at java.lang.reflect.Constructor.newInstance(Constructor.java:423)
<br>&nbsp;&nbsp;&nbsp;&nbsp;	at org.openqa.selenium.remote.ErrorHandler.createThrowable(ErrorHandler.java:206)
<br>&nbsp;&nbsp;&nbsp;&nbsp;	at org.openqa.selenium.remote.ErrorHandler.throwIfResponseFailed(ErrorHandler.java:158)
<br>&nbsp;&nbsp;&nbsp;&nbsp;	at org.openqa.selenium.remote.RemoteWebDriver.execute(RemoteWebDriver.java:678)
<br>&nbsp;&nbsp;&nbsp;&nbsp;	at org.openqa.selenium.remote.RemoteWebDriver.findElement(RemoteWebDriver.java:363)
<br>&nbsp;&nbsp;&nbsp;&nbsp;	at org.openqa.selenium.remote.RemoteWebDriver.findElementByXPath(RemoteWebDriver.java:500)
<br>&nbsp;&nbsp;&nbsp;&nbsp;	at org.openqa.selenium.By$ByXPath.findElement(By.java:361)
<br>&nbsp;&nbsp;&nbsp;&nbsp;	at org.openqa.selenium.remote.RemoteWebDriver.findElement(RemoteWebDriver.java:355)
<br>&nbsp;&nbsp;&nbsp;&nbsp;	at org.openqa.selenium.support.ui.ExpectedConditions.findElement(ExpectedConditions.java:899)
<br>&nbsp;&nbsp;&nbsp;&nbsp;	at org.openqa.selenium.support.ui.ExpectedConditions.access$0(ExpectedConditions.java:897)
<br>&nbsp;&nbsp;&nbsp;&nbsp;	at org.openqa.selenium.support.ui.ExpectedConditions$7.apply(ExpectedConditions.java:205)
<br>&nbsp;&nbsp;&nbsp;&nbsp;	at org.openqa.selenium.support.ui.ExpectedConditions$7.apply(ExpectedConditions.java:1)
<br>&nbsp;&nbsp;&nbsp;&nbsp;	at org.openqa.selenium.support.ui.ExpectedConditions$22.apply(ExpectedConditions.java:653)
<br>&nbsp;&nbsp;&nbsp;&nbsp;	at org.openqa.selenium.support.ui.ExpectedConditions$22.apply(ExpectedConditions.java:1)
<br>&nbsp;&nbsp;&nbsp;&nbsp;	at org.openqa.selenium.support.ui.FluentWait.until(FluentWait.java:238)
<br>&nbsp;&nbsp;&nbsp;&nbsp;	... 29 more
</td></tr>

<tr>
<td>482294</td>
<td title="main thread">main</td>
<td title="Level">INFO</td>
<td title="TestCaseDataReader category">TestCaseDataReader</td>
<td>TestCaseDataReader.java:99</td>
<td title="Message">Actions need to perform : sendkeys</td>
</tr>
